info it worked if it ends with ok
verbose cli [ 'node', '/usr/local/bin/npm', 'install', 'sammyjs' ]
info using npm@1.1.0-beta-4
info using node@v0.6.6
verbose config file /Users/locks/.npmrc
verbose config file /usr/local/etc/npmrc
verbose config file /usr/local/lib/node_modules/npm/npmrc
verbose caching /Users/locks/node_modules/ultra-repl/package.json
verbose loadDefaults ultra-repl@0.6.9
verbose into /Users/locks [ 'sammyjs' ]
verbose cache add sammyjs
verbose cache add [ 'sammyjs', null ]
silly cache add: name, spec, args [ undefined, 'sammyjs', [ 'sammyjs', null ] ]
verbose parsed url { pathname: 'sammyjs', path: 'sammyjs', href: 'sammyjs' }
verbose addNamed [ 'sammyjs', '' ]
verbose addNamed [ null, '' ]
silly name, range, hasData [ 'sammyjs', '', false ]
verbose raw, before any munging sammyjs
verbose url resolving [ 'https://registry.npmjs.org/', './sammyjs' ]
verbose url resolved https://registry.npmjs.org/sammyjs
http GET https://registry.npmjs.org/sammyjs
http 404 https://registry.npmjs.org/sammyjs
silly get cb [ 304, undefined ]
verbose mkdir (expected) error ENOENT, no such file or directory '/Users/locks/.npm/sammyjs'
verbose mkdir done: /Users/locks/.npm/sammyjs 755
silly name, range, hasData 2 [ 'sammyjs', '', true ]
ERR! TypeError: Object.keys called on non-object
ERR!     at Function.keys (native)
ERR!     at next_ (/usr/local/lib/node_modules/npm/lib/cache.js:428:34)
ERR!     at next (/usr/local/lib/node_modules/npm/lib/cache.js:415:44)
ERR!     at /usr/local/lib/node_modules/npm/lib/cache.js:408:5
ERR!     at Object.saved [as oncomplete] (/usr/local/lib/node_modules/npm/lib/utils/npm-registry-client/get.js:147:7)
ERR! Report this *entire* log at:
ERR!     <http://github.com/isaacs/npm/issues>
ERR! or email it to:
ERR!     <npm-@googlegroups.com>
ERR! 
ERR! System Darwin 11.3.0
ERR! command "node" "/usr/local/bin/npm" "install" "sammyjs"
ERR! cwd /Users/locks/dev/camul-museu
ERR! node -v v0.6.6
ERR! npm -v 1.1.0-beta-4
ERR! type obj_ctor_property_non_object
ERR! arguments [ 'keys' ]
ERR! message Object.keys called on non-object
verbose exit [ 1, true ]
